<?xml version="1.0" encoding="UTF-8"?>
<testsuite name="UnitTests" tests="5" skipped="1" failures="1" errors="0" time="0.5">
    <testcase classname="tests.test_math" name="test_add" time="0.1"/>
    <testcase classname="tests.test_math" name="test_subtract" time="0.1"/>
    <testcase classname="tests.test_math" name="test_multiply" time="0.1">
        <failure message="AssertionError: expected 6 got 5">
Traceback (most recent call last):
  File "tests/test_math.py", line 15, in test_multiply
    assert multiply(2, 3) == 6
AssertionError: expected 6 got 5
        </failure>
    </testcase>
    <testcase classname="tests.test_math" name="test_divide" time="0.1"/>
    <testcase classname="tests.test_math" name="test_power" time="0.1">
        <skipped message="Not implemented yet"/>
    </testcase>
</testsuite>
