<?xml version="1.0" encoding="UTF-8"?>
<testsuite name="IntegrationTests" tests="4" skipped="0" failures="1" errors="0" time="2.5">
    <testcase classname="tests.test_db" name="test_connection" time="0.5"/>
    <testcase classname="tests.test_db" name="test_query" time="1.0"/>
    <testcase classname="tests.test_api" name="test_login_endpoint" time="0.5">
        <failure message="Connection refused">
Traceback (most recent call last):
  File "tests/test_api.py", line 23, in test_login_endpoint
    response = requests.post('/api/login')
ConnectionRefusedError: Connection refused
        </failure>
    </testcase>
    <testcase classname="tests.test_api" name="test_data_fetch" time="0.5"/>
</testsuite>
